{
  "0 debug pnpm:scope": {
    "selected": 1
  },
  "1 debug pnpm:package-manifest": {
    "initial": {
      "name": "pear-admin-ant",
      "version": "2.0.1-Release",
      "private": true,
      "scripts": {
        "//": "开发预览",
        "serve": "vite",
        "build": "vite build",
        "build-prod": "vite build --mode production",
        "analyzer": "set vis=true && vite build"
      },
      "dependencies": {
        "@ant-design-vue/use": "^0.0.1-alpha.10",
        "@ant-design/icons-vue": "^6.0.1",
        "@antv/g2": "^4.1.20",
        "@vitejs/plugin-vue": "^1.6.2",
        "ant-design-vue": "^2.2.8",
        "axios": "^0.21.1",
        "core-js": "^3.6.5",
        "lodash.get": "^4.4.2",
        "moment": "^2.27.0",
        "nprogress": "^0.2.0",
        "rollup-plugin-visualizer": "^5.5.2",
        "vue": "^3.2.12",
        "vue-i18n": "^9.1.7",
        "vue-router": "^4.0.10",
        "vuex": "^4.0.2"
      },
      "devDependencies": {
        "@types/node": "^14.17.9",
        "@vue/compiler-sfc": "^3.2.12",
        "@babel/eslint-parser": "^10.1.0",
        "babel-plugin-import": "^1.13.3",
        "eslint": "^6.8.0",
        "eslint-plugin-vue": "^7.18.0",
        "less": "^3.5.0",
        "less-loader": "^7.1.0",
        "mockjs2": "^1.0.8",
        "node-sass": "^6.0.0",
        "rollup-plugin-analyzer": "^4.0.0",
        "sass-loader": "^10.0.2",
        "vite": "^2.5.8"
      },
      "eslintConfig": {
        "root": true,
        "env": {
          "node": true
        },
        "extends": [
          "plugin:vue/vue3-essential",
          "eslint:recommended"
        ],
        "parserOptions": {
          "parser": "babel-eslint"
        },
        "rules": {
          "no-unused-vars": "off",
          "no-debugger": "off"
        }
      },
      "browserslist": [
        "> 1%",
        "last 2 versions",
        "not dead"
      ]
    },
    "prefix": "D:\\pear-admin-ant"
  },
  "2 debug pnpm:context": {
    "currentLockfileExists": false,
    "storeDir": "D:\\.pnpm-store\\v3",
    "virtualStoreDir": "D:\\pear-admin-ant\\node_modules\\.pnpm"
  },
  "3 debug pnpm:stage": {
    "prefix": "D:\\pear-admin-ant",
    "stage": "resolution_started"
  },
  "4 debug pnpm:_dependency_resolved": {
    "resolution": "registry.npmjs.org/rollup-plugin-analyzer/4.0.0",
    "wanted": {
      "dependentId": ".",
      "name": "rollup-plugin-analyzer",
      "rawSpec": "^4.0.0"
    }
  },
  "5 debug pnpm:progress": {
    "packageId": "registry.npmjs.org/rollup-plugin-analyzer/4.0.0",
    "requester": "D:\\pear-admin-ant",
    "status": "resolved"
  },
  "6 debug pnpm:progress": {
    "packageId": "registry.npmjs.org/rollup-plugin-analyzer/4.0.0",
    "requester": "D:\\pear-admin-ant",
    "status": "found_in_store"
  },
  "7 debug pnpm:_dependency_resolved": {
    "resolution": "registry.npmjs.org/babel-plugin-import/1.13.3",
    "wanted": {
      "dependentId": ".",
      "name": "babel-plugin-import",
      "rawSpec": "^1.13.3"
    }
  },
  "8 debug pnpm:progress": {
    "packageId": "registry.npmjs.org/babel-plugin-import/1.13.3",
    "requester": "D:\\pear-admin-ant",
    "status": "resolved"
  },
  "9 debug pnpm:progress": {
    "packageId": "registry.npmjs.org/babel-plugin-import/1.13.3",
    "requester": "D:\\pear-admin-ant",
    "status": "found_in_store"
  },
  "10 error pnpm": {
    "code": "ERR_PNPM_NO_MATCHING_VERSION",
    "packageMeta": {
      "name": "@babel/eslint-parser",
      "dist-tags": {
        "latest": "7.15.8"
      },
      "versions": {
        "7.11.0": {
          "name": "@babel/eslint-parser",
          "version": "7.11.0",
          "dependencies": {
            "eslint-scope": "5.1.0",
            "eslint-visitor-keys": "^1.3.0",
            "semver": "^6.3.0"
          },
          "devDependencies": {
            "@babel/core": "^7.11.0",
            "dedent": "^0.7.0",
            "eslint": "^7.5.0",
            "lodash.clonedeep": "^4.5.0"
          },
          "peerDependencies": {
            "@babel/core": ">=7.11.0",
            "eslint": ">=7.5.0"
          },
          "dist": {
            "integrity": "sha512-dJDM2Pc01D9TwKL3Mmz2xgVF9X953RBHq9H4gywbN1q8MrfvXmNHfsCt06vvByBVQqm+9WxMs+doEH/R09TwWQ==",
            "shasum": "b123924edd44508782c030066c926f1b807151cd",
            "tarball": "https://registry.npmjs.org/@babel/eslint-parser/-/eslint-parser-7.11.0.tgz",
            "fileCount": 11,
            "unpackedSize": 32914,
            "npm-signature": "-----BEGIN PGP SIGNATURE-----\r\nVersion: OpenPGP.js v3.0.4\r\nComment: https://openpgpjs.org\r\n\r\nwsFcBAEBCAAQBQJfIzfCCRA9TVsSAnZWagAAcuoP/0YLVI5QBS9IGB//OmSC\njvQv3zdHRW00Ga3UubhkrYAACGAudIWPSXNjvl6PtnM6Tnu9vWxX0asUM3hg\nwbhUyhxXyXWhrJmJznpTYXuq/2K157AWq3wXniNafaT/351JX8Y+vohZeuBu\nvWsJslE46ztnqyuEenac9jwZUrNrjKK2ohIHOzQJmi7Y573/fnliDRRXIDbD\nTTBZJwS7O0NcFjAY6EWHScL/yC+UShHTXIBlKKo/VJuaEpbslvHwmFcIF5Mn\nqAxjU8YkvYsJ6CXJaB/x6DvUzllzAFAD4USoUO/a0QD7CP9S6wOkFWaNDi0E\nNoOAaiyOK7wSe1FykL8oGn5lDIgdI2sX6U3ox8cngEmlyU4tu58uUawEfFWl\nYc1LGDqOsY0qMLbTMtWK1c/Nix/yq7YboTm/tzhfUUVozZFJiepxCTjrWgHa\nt26G8OtlpHO3PCjbXc9XBqkXwmfHvm0XxQUvS/jzNMlWQgrQYaTc3dxgG674\nw9yu14xAnJ73kneOXzOVs6yQ6SKemGINcVvIchDR2SCOe8VNx++XaoWU5Vd2\n+VLzTX9iuTU28wbuR1LlLjGGdUkjdtwfwW/BzO0SMNVmTs3jzKe/4YhEpMAT\nsUp7SN3tdposA+gEzbpFLtWX0ob197NThFmZj5ogP1FqeTWXBMNzbR3GrqyC\nkbl+\r\n=GJI0\r\n-----END PGP SIGNATURE-----\r\n"
          },
          "engines": {
            "node": "^10.13.0 || ^12.13.0 || >=14.0.0"
          }
        },
        "7.11.3": {
          "name": "@babel/eslint-parser",
          "version": "7.11.3",
          "dependencies": {
            "eslint-scope": "5.1.0",
            "eslint-visitor-keys": "^1.3.0",
            "semver": "^6.3.0"
          },
          "devDependencies": {
            "@babel/core": "^7.11.0",
            "dedent": "^0.7.0",
            "eslint": "^7.5.0",
            "lodash.clonedeep": "^4.5.0"
          },
          "peerDependencies": {
            "@babel/core": ">=7.11.0",
            "eslint": ">=7.5.0"
          },
          "dist": {
            "integrity": "sha512-OdCt/CVXdR/eTNTYDEobf4e55m/AAc04ki+/Oe2/GE8ivh2FxX4yDab48lA6t7ysP4M7luap6Fxx3hUVNTwzFQ==",
            "shasum": "ceb94cb6e2457c4a4d2d87db29925e6b48d20786",
            "tarball": "https://registry.npmjs.org/@babel/eslint-parser/-/eslint-parser-7.11.3.tgz",
            "fileCount": 11,
            "unpackedSize": 32881,
            "npm-signature": "-----BEGIN PGP SIGNATURE-----\r\nVersion: OpenPGP.js v3.0.4\r\nComment: https://openpgpjs.org\r\n\r\nwsFcBAEBCAAQBQJfLwYGCRA9TVsSAnZWagAA2rsP/0p9zLDCPClpU0Z+4BWb\n6V8Xhs72Cl0KksOClKELlgj+3PCcqiwvR6vVIhT1hy9IVCw0NNNv5nrhhVCy\nFUuigHNGEehsjRYpyYt/0JEHdeRVkU4INvV+DPrdzWoN5VF7rCPuOU+cX0EB\nR4pQKz2gSkRRvySqcM/7KsUpiMF7A3nbWzMAtBq2CFrUjJBeu3e1maXp/Qu6\njfGSTOhJJoBBwUOJJjkqACaNuJ3ISPr0vL3SKI4eiZgEKbeGE8WalbmcF8BC\n2qezbq3tr1ayOxvgp0RllVgmeodrwAdWXMs/Ddc84+QgAJxiHwkrken4VJbJ\n8euatqs568+mOkdQJrlaqznDrK9PHRzvbqAqLDoenbP4EM6Cov+7O5Gz3Jzv\n7Mj28NlO9BrDcFC9XjcybLwEdTzPPD2O/HOn46eebC4jU54BiLW6MFdg7PN+\nDgvgKodLBhXSuYPB1IKVwVEmkVlHH+1ehRiSGzumpP2pKZa3ItMzPg7tF4O4\nrHbbXtizD2Cb0U27Vmm4o3mwFumSGMf8/UkvSy5runHYcqRMo9ISOwf3ASLv\ni14QjJ4ZwU800rjHKIa2FijcDJCyLCeflcApUsmHMelHNEzmafqt7bnxZi1F\nrtHuKQa3Tk07ufAL3M3XP6H7iYaVrb41w/A9yu9MseFk2NjDnx1xrfxnd2dG\nq3Ft\r\n=AaKr\r\n-----END PGP SIGNATURE-----\r\n"
          },
          "engines": {
            "node": "^10.13.0 || ^12.13.0 || >=14.0.0"
          }
        },
        "7.11.4": {
          "name": "@babel/eslint-parser",
          "version": "7.11.4",
          "dependencies": {
            "eslint-scope": "5.1.0",
            "eslint-visitor-keys": "^1.3.0",
            "semver": "^6.3.0"
          },
          "devDependencies": {
            "@babel/core": "^7.11.4",
            "dedent": "^0.7.0",
            "eslint": "^7.5.0",
            "lodash.clonedeep": "^4.5.0"
          },
          "peerDependencies": {
            "@babel/core": ">=7.11.0",
            "eslint": ">=7.5.0"
          },
          "dist": {
            "integrity": "sha512-syIzsqEUvmc6WEYbLqrvBODCM1wMo3SQ4h4G9gtCcQctv1VUlA5davRAWHFm7ncQlxcJs4I7kaflsnAP8iA8Aw==",
            "shasum": "f79bac69088097a8418f5c67fc462c89a72c2f48",
            "tarball": "https://registry.npmjs.org/@babel/eslint-parser/-/eslint-parser-7.11.4.tgz",
            "fileCount": 11,
            "unpackedSize": 32954,
            "npm-signature": "-----BEGIN PGP SIGNATURE-----\r\nVersion: OpenPGP.js v3.0.4\r\nComment: https://openpgpjs.org\r\n\r\nwsFcBAEBCAAQBQJfPsgjCRA9TVsSAnZWagAAe+MP/2NmITvOEPA7AMcGozsp\n15umaJO5MfsuzDzYrAM6gQHXJ82qqgMueA6vEUNvCl3iBSz1eJg/6ilafE5Y\nztEx4drJNzEVkfZH5H8UGWSz0EQR0zBtR9VLRWgTnKTAYhwUx/BRrh8modjG\neUPqdIYlU4Lh8Cvzce+uISyeDx15TQxCSh+QMixo8I18eDkwiXtKSsv0ksaa\namUdQLUBZOCnHwmQWYSErAs2LcD+hkejW3i6cARYuZ5FSNdAbuCHvP5gC3e/\ne6ivW+OR9zxXYMVa1HWwkE1cRHDrPODDh0IjkYxxEoid+4fVzsMyjG5mJp/A\nZeZm4vVCsMEADdYtAhCxPwQB8iA2lYSn8BcFnFwdIWChyPyz7s3vzwVarKyB\n/FhGCN0kxw8wwog/Cy4CuUZ0KIJHW+NgUSrTJkNDaANASFfFmrzpUwMvKiv0\n4ayVXNKOEKxlpFJhLOk8lFOlvFXFbBb5VCOtTA0pZc2Z5SxRbs3e5iuw9aiy\nRnr2l5yfRPOf9FJUoYWXYP8C/MtOJKfbX2+DE0v8S5UcgOl6g8VnI0uQpCt8\nSRJAdTPc6ElSg5MmGVlS78JMDUT3quU1qH/8Sg7xKorfZYsSszYWYZtHwnZS\nszSNHgXsRGUbD1APH7jmeRQkcAAa2dLCrLxP+LyowAOG6GixzBl00C3zHeuO\nx5DP\r\n=QP2X\r\n-----END PGP SIGNATURE-----\r\n"
          },
          "engines": {
            "node": "^10.13.0 || ^12.13.0 || >=14.0.0"
          }
        },
        "7.11.5": {
          "name": "@babel/eslint-parser",
          "version": "7.11.5",
          "dependencies": {
            "eslint-scope": "5.1.0",
            "eslint-visitor-keys": "^1.3.0",
            "semver": "^6.3.0"
          },
          "devDependencies": {
            "@babel/core": "^7.11.5",
            "dedent": "^0.7.0",
            "eslint": "^7.5.0",
            "lodash.clonedeep": "^4.5.0"
          },
          "peerDependencies": {
            "@babel/core": ">=7.11.0",
            "eslint": ">=7.5.0"
          },
          "dist": {
            "integrity": "sha512-DZ3maD3ciwRg1pOzEpJ1outlV1DA/A8XHDQoyL69fC3RIJMlMq1UPudgfRkW0YFqmQPR6OPvu8chaT7Yq2Mm8A==",
            "shasum": "398192b8d1cd3678efb709f5ab09d9aa2a2218fd",
            "tarball": "https://registry.npmjs.org/@babel/eslint-parser/-/eslint-parser-7.11.5.tgz",
            "fileCount": 11,
            "unpackedSize": 32953,
            "npm-signature": "-----BEGIN PGP SIGNATURE-----\r\nVersion: OpenPGP.js v3.0.4\r\nComment: https://openpgpjs.org\r\n\r\nwsFcBAEBCAAQBQJfTVc/CRA9TVsSAnZWagAA5KkP+wXk9qldT7Wx5TkWm9zz\nLMYNuFyVJiSPXgt2TJ9umoleJDvky7JG2zM22uHt4ntuazZcVhoVx7CfY4hX\n9hxv9SgJrTiTSwek+azx/UPuyQWnTqAXeeygEtd22WxLLAoEime133gUguEZ\n7UjQaBD91N2qYD/+cedIieefH6EYciMLDdjpfN8OKL63eZKUmZz7vxxAcd6A\n8wf4oeYwlK7J1Bj5ZU+iWEL0YA90BtWxd/nvXm1PNmYjwnzyATIj9VvUmm34\nEp1ShIaLRec1PJE/eV1hwhbpwg9f+MQOBKZgQwOhiI+OkGV6vq+YPPlRVAcp\nHTK5NScMfYqkJgOhfmpkL+sztcEYDWNtm1mtX5//D8i3JnwLyOFrrccso7FY\nQ85fOMtkDu3FWqVKe4XHReVXNiU1a5ENK9N2Cr0B3xCHV2XIwefggALbDGsy\noaYW80w39M3VqNi7NVp+pfcXg2s65efSAZgK7kous4Rc5zjbr/jJiJ/FTOgi\nJEv6orcR9BbcehoVICOZwQitmT3fSfSCEx1+0/lexeiodLpghQKCjq1gdXof\nFljq4t7yXxWk+7BfejrfQL29jBx3SpAfKGfm7jKEhN35zN9GOZ2KN/3OJuoR\nUF5tW4h7IJSOOmFLVUk0i+DfSc7jQwIBNuVm1aL5cZJg0Lc0Q8B9PZtQlaTB\nWtaf\r\n=6LbU\r\n-----END PGP SIGNATURE-----\r\n"
          },
          "engines": {
            "node": "^10.13.0 || ^12.13.0 || >=14.0.0"
          }
        },
        "7.12.1": {
          "name": "@babel/eslint-parser",
          "version": "7.12.1",
          "dependencies": {
            "eslint-scope": "5.1.0",
            "eslint-visitor-keys": "^1.3.0",
            "semver": "^6.3.0"
          },
          "devDependencies": {
            "@babel/core": "^7.12.1",
            "dedent": "^0.7.0",
            "eslint": "^7.5.0",
            "lodash.clonedeep": "^4.5.0"
          },
          "peerDependencies": {
            "@babel/core": ">=7.11.0",
            "eslint": ">=7.5.0"
          },
          "dist": {
            "shasum": "b3ae38e6174d2d0d2d00d2dcd919b4086b6bb8f0",
            "integrity": "sha512-cc7WQHnHQY3++/bghgbDtPx+5bf6xTsokyGzV6Qzh65NLz/unv+mPQuACkQ9GFhIhcTFv6yqwNaEcfX7EkOEsg==",
            "tarball": "https://registry.npmjs.org/@babel/eslint-parser/-/eslint-parser-7.12.1.tgz",
            "fileCount": 11,
            "unpackedSize": 32896,
            "npm-signature": "-----BEGIN PGP SIGNATURE-----\r\nVersion: OpenPGP.js v3.0.13\r\nComment: https://openpgpjs.org\r\n\r\nwsFcBAEBCAAQBQJfiM+SCRA9TVsSAnZWagAAL5gP/0vhLW9KRpYEK+aGambR\nTJrcy/IHzyvpH+7FddzL1QkVJMy2rl3R4xyVK0dD9SIUFLgljrBeQ6EKyOKQ\n1n+kycuYp8sCCys4p5/ivVuuM3IA8/pqc45C+EgcnM/68gKsdzRHSrLE0Bgj\n0wjRcCDBktoIPXuicKphZHPXn7puwMaL0/hc3aO0AmCXyVIWLeJsyL/xRVJn\nfvVeVZGXCX9SpYO8CfDJTHGW9t5WvTirNVz/Fzcg9xPMQLz7lziy/0jnZfSy\nzeONqoTUzagWoc/D8Lux5XJFgWIjh9XZyVUVWZRyhDG29HKWVC522yUFuEsd\nQGKIUAQ0CwD6tDQpmo90PFCx6OAnAWdTToGHNWmEHlXGm2v6AFen9M8/pSZl\npTMGf5Thfe+og4qEIzCNWV85MGLr5mriBBVDKLz8LGj5emHJsz3olVEd/Mtz\nYWiSr7pfs2AGnhLABII5WqQJwcXeG9jDm2DaCB41Sfyml9T5rTq4ldn/wesm\nuGVOLHNSV1rIpTYBxddWxDvfQAF+GpMRUB3AByeCdtm3GfMYnSgn/rG8U/wv\ngG0nzPJzv2Laq/zYY5e/9BdYplHdBWL0XmMhm7grGYf/JhlnFE7dDK7H5pSk\n2C0W1AbK23eKuxlhDJMLgjaZAEnX4CO0EwJxtbndLOGfzz9p4hzNkgx0UeU0\nHtPH\r\n=PnFR\r\n-----END PGP SIGNATURE-----\r\n"
          },
          "engines": {
            "node": "^10.13.0 || ^12.13.0 || >=14.0.0"
          }
        },
        "7.12.13": {
          "name": "@babel/eslint-parser",
          "version": "7.12.13",
          "dependencies": {
            "eslint-scope": "5.1.0",
            "eslint-visitor-keys": "^1.3.0",
            "semver": "^6.3.0"
          },
          "devDependencies": {
            "@babel/core": "7.12.13",
            "dedent": "^0.7.0",
            "eslint": "^7.5.0"
          },
          "peerDependencies": {
            "@babel/core": ">=7.11.0",
            "eslint": ">=7.5.0"
          },
          "dist": {
            "shasum": "f3158c28ed9eecd95fb75ee3015033b8b3b869b2",
            "integrity": "sha512-+VF2M8ZWXc2KVf6L0tFcv6w8IZkCc1rvN65oj6hXxhYtOanlCA6ONpgEdy/HVGmcogu4El4ohdzuyfWYxSsKow==",
            "tarball": "https://registry.npmjs.org/@babel/eslint-parser/-/eslint-parser-7.12.13.tgz",
            "fileCount": 11,
            "unpackedSize": 32444,
            "npm-signature": "-----BEGIN PGP SIGNATURE-----\r\nVersion: OpenPGP.js v3.0.13\r\nComment: https://openpgpjs.org\r\n\r\nwsFcBAEBCAAQBQJgGffYCRA9TVsSAnZWagAAvMEQAJja0stp4pW601J+6vpI\nXeo7abo4Y7tnwh+NqOiHc+La14nnYw0ypUMNd2QuSHTcswOOGW/yb6b4uA6g\nMyFSXAzGm2VAA34mnM2j/zeTq9qaP5ZYOHlQDiHMaKr5hLA9oSX+Y+SSTRoL\nyFnLlD1f3c0+mCpZSn2EZlkLCJO3WHzGye5nT//N1Osy01hJ7g2hvzZbuJSJ\n3K3kkZvuLF2hH2rAwKP9tMTmEgNOBTH/PAqWmUfB4QJJpXr5UmdjwGCd4751\n/nZo6uVwGEhjxorsP86kDfx9l8RohpbL10dBp8ReAULBoPcTUMfLEkVLlstG\nVnx/ukb4uUhe/5IezDPD8IIEtdQL8veTmjGe1PQKUTtPjQYa48TtNq7cNPgP\n4w6z9ONXFa9JcoeRmtb3KunQiyAe75AOjH/Gyeyq2JSetuf8E1ul7j8T5n/e\nHVuqDxQmJqeTfi9Vm3doGWALT/PSIBoTDJ7Is97svjWqOL4S8UVn829tuBlb\nV1LMiiNLKSB3EP9SvEyh0EjEStKBV0zOD4VOOPPKAkKqMgK+H5GeE4DL9dqr\nmz+CrPeFBujaeTkyTlsZEEXmY07TFv8ZCarskH+WjrkWge8Fh5kby653q1e0\n4S4QJPSykYzrcphkgNjnUP9JxfiU+qE9rCYx5BOAWqvkpc4qknL1xOcu7FsA\nNe9m\r\n=8bKN\r\n-----END PGP SIGNATURE-----\r\n"
          },
          "engines": {
            "node": "^10.13.0 || ^12.13.0 || >=14.0.0"
          }
        },
        "7.12.16": {
          "name": "@babel/eslint-parser",
          "version": "7.12.16",
          "dependencies": {
            "eslint-scope": "5.1.0",
            "eslint-visitor-keys": "^1.3.0",
            "semver": "^6.3.0"
          },
          "devDependencies": {
            "@babel/core": "7.12.16",
            "dedent": "^0.7.0",
            "eslint": "^7.5.0"
          },
          "peerDependencies": {
            "@babel/core": ">=7.11.0",
            "eslint": ">=7.5.0"
          },
          "dist": {
            "shasum": "e23d5a39869ef7a0d151e11502ab36bc8639e20b",
            "integrity": "sha512-NZHtJr2pLRYcQjvo/GVU3kFxIGEHveswoWfY5Wm2tJ7pb3AoqoQ+PP17rRTDh+POFWM15VvH+23x2/9Od0CYxQ==",
            "tarball": "https://registry.npmjs.org/@babel/eslint-parser/-/eslint-parser-7.12.16.tgz",
            "fileCount": 10,
            "unpackedSize": 31255,
            "npm-signature": "-----BEGIN PGP SIGNATURE-----\r\nVersion: OpenPGP.js v3.0.13\r\nComment: https://openpgpjs.org\r\n\r\nwsFcBAEBCAAQBQJgJbPbCRA9TVsSAnZWagAAVM8P/iyozZwa2l6aasXM97Z1\nIehzT6oJsSATJI1GBW79pov2Enz0UPALk7Jx9Lp0UoAMoWhqTcD4NHugrWkn\nd8wQbI2FCZnfxM08ff+/lZmMT7bQEdGellZHbba40zq5NXYoGCZhyttys7bn\nniE2HTrAXL+WCbaHr9Ny/amDLDUmqvJ4q/JLWVXeMXnhfYBzfzogaCa8fdsS\nDnlAnxMO7nDaqvHVnC9bQNUbTJ0r9cpUSEjeuaP2ymdDiTdF7Mj8ZG99uWR3\n+5RRX46fHIscZYovi4OnOYGfy0cd//EetuK34J5/AW+mRgj/aULt1LKcFCOj\neVxjXPf+QQRd3vb+rIvOk2fsx7uyLA1vjG+SESXtJjwwKFxKVJZKg94q4NEJ\n2PGFIhiQGmJPcID8HvL8MwvXWXBKYh0TaOIbw2vuNYb1jTTGQUpxQXUrTm36\n9e8RKAg6OvkOPur3rGwam8OhX4xcDWjjuaeZA15CqcAJBJEuyiJd+j84V+/R\n5BCxIQNVhYPFECziDxJCgjWirdJeQmf8iXP4BnFrn36xQk7uj1dzZnfFJ19M\nT3IeVlKtstwCoGjTBohz1b34I4juNY1PJ3PgB/EsOWOmQ34mYaTEteGmpnT6\nxMeV9Q77on5Z1RqgrVP/ezntijrSzH/g7LbMJFS1eOPkyNx36M2D+U+o/yWU\nJ/3M\r\n=7vBQ\r\n-----END PGP SIGNATURE-----\r\n"
          },
          "engines": {
            "node": "^10.13.0 || ^12.13.0 || >=14.0.0"
          }
        },
        "7.12.17": {
          "name": "@babel/eslint-parser",
          "version": "7.12.17",
          "dependencies": {
            "eslint-scope": "5.1.0",
            "eslint-visitor-keys": "^1.3.0",
            "semver": "^6.3.0"
          },
          "devDependencies": {
            "@babel/core": "7.12.17",
            "dedent": "^0.7.0",
            "eslint": "^7.5.0"
          },
          "peerDependencies": {
            "@babel/core": ">=7.11.0",
            "eslint": ">=7.5.0"
          },
          "dist": {
            "shasum": "6cb57929c5614654ee7d6d27fa85ed0b6a8d4470",
            "integrity": "sha512-CoetDyQRwtkUlOtbkCmYFpneXD78oANblFGUMX4DKLYj/mHzuS3rPt7zWzaDf0lB4uEB3C7C+hQAS/QgxqjdXQ==",
            "tarball": "https://registry.npmjs.org/@babel/eslint-parser/-/eslint-parser-7.12.17.tgz",
            "fileCount": 11,
            "unpackedSize": 32361,
            "npm-signature": "-----BEGIN PGP SIGNATURE-----\r\nVersion: OpenPGP.js v3.0.13\r\nComment: https://openpgpjs.org\r\n\r\nwsFcBAEBCAAQBQJgLoOQCRA9TVsSAnZWagAAKk4P/Rludub1S/TNGW5Fm6sK\nWZQSsUzJazFMAN57+UEcMLD3nionEOkHfQZpc98C3/esEJWWTWZub/g7G3/H\nLJR88anB2N1qRIohQpQZ4dLeoTQnrY80vEOnhJUF4Ql0Qe5N+1T4UKZQMIUx\n3HWNNUnJunPpi33sp5u3wwW5j22+61dFHgTPgHyPTZqdsY2omCYlWF/9gZuT\ngoLAw0WWqebiBRcUgjSeU1J9YGfbEZREOTaVyF1DyM5zO6fmWY8K39dVM1EU\nDumWLgbnItbr0OkhmVQyPxfxp2f5wO9UvtJSJ9ZALw9aaQIxEe/4RLwz+vXv\n210egpYQks0z3O9Babw0kUMupdjQVhryzSPn31ol3HwpDprVb9jj1wkQQG/H\nYGEaJ224gluaCCjLFN1+jCkWHX+a8aTsFyGBSZAr1VclDkoUyDEUO5kaVrTi\nWPTchJSwhECz94n1oIZzw0TvELZzfuCOTeeC1SaRpBJA9Yv+JSexK16R/mzn\nuX2wVwQWcX8bhC2UPHLsPWAqYtkd/zfhclbRsshFTJazQMgiGKJlMSkCOt/o\nmRoz74Djr6W6eUHgWBDrXy3Wccq8dw+ezLwGJeBZRyHKMGoYVU0iXbVcTgLa\nRUQr8YXo7Jgu6mVuZyLFUcwKInpdTyQmVXJPC9z24ZuU5c+3BPagqBTSQXU2\nj5qw\r\n=kJGy\r\n-----END PGP SIGNATURE-----\r\n"
          },
          "engines": {
            "node": "^10.13.0 || ^12.13.0 || >=14.0.0"
          }
        },
        "7.13.0": {
          "name": "@babel/eslint-parser",
          "version": "7.13.0",
          "dependencies": {
            "eslint-scope": "5.1.0",
            "eslint-visitor-keys": "^1.3.0",
            "semver": "7.0.0"
          },
          "devDependencies": {
            "@babel/core": "7.13.0",
            "dedent": "^0.7.0",
            "eslint": "^7.5.0"
          },
          "peerDependencies": {
            "@babel/core": ">=7.11.0",
            "eslint": ">=7.5.0"
          },
          "dist": {
            "shasum": "dfa5bdc09a1ade099a438df8c4ee2f2bcf882b12",
            "integrity": "sha512-V53wdxttAtLXqgJyZyHFYWgIFGSwr1HqNdXSpaNKSn9pyofiItELK/i5MCxPMGMaQ25HgK6AbIhMPzwNRnZnOw==",
            "tarball": "https://registry.npmjs.org/@babel/eslint-parser/-/eslint-parser-7.13.0.tgz",
            "fileCount": 11,
            "unpackedSize": 32514,
            "npm-signature": "-----BEGIN PGP SIGNATURE-----\r\nVersion: OpenPGP.js v3.0.13\r\nComment: https://openpgpjs.org\r\n\r\nwsFcBAEBCAAQBQJgNDT2CRA9TVsSAnZWagAANNEP/jzYWshxWvZWSdUdt7WD\npnhQy1NHM0k7KQemCpshvp2bvExadLtqpfGNY9pCyyJYR5LYygx6A2Ls4PFx\n44UZn7PiaTRoKfx1HhZp3lLz/3VRrrS+nXdGoLHHw6dSnIFZ7gGWVcx+TcWE\nHo5kjKkoahW+0ZlvaDaThi5cOozm4fRKdA8oZEppDCIBvybv6dWwmJbTavtt\nKVmDT4ERG3di46qbl14d1oQrU/NplqQKW4NBEwgP4df9EnQBnw7teWjJaNgg\n6H/TEoDF0AQ9X76OSd2eSNOCAKkZwuHanel9gg/Rd92y169Dd06X4+8bdRqL\nBOh1fidKq+TmbZdqtQeL7bgOpGCANwUAQ0xm9JvSOMoRc3KIjJb02pQMTDtw\nmUcdDJJpAhSRzkWaykhTkaGzaJAoSuGR9PM16y0OYGh5dDlk5xpLqoV4KFmv\n2Drum5FkRNWi9hhCNC7BR+n+M6zRs4vlW+35aUwAJFQC8LyrZQ1L8xDCiLkh\nevmLARUOhD+Z9UL+LIrcPrIG/T5d0Ves+hdGNDvgawVCOXI05VDTMbCCpOHH\n4gyzmstxURgZc0ae30pxTNPEynCF6dLCkw1klFTADvV1jT1e5N6R7KxHU6+r\nvUL2UJmuAndku06ZfhtJ2IwUDH1VjaTaLgDEDaxSTXLyVlqFHmswMiVt6+ak\nXlz+\r\n=LrUu\r\n-----END PGP SIGNATURE-----\r\n"
          },
          "engines": {
            "node": "^10.13.0 || ^12.13.0 || >=14.0.0"
          }
        },
        "7.13.4": {
          "name": "@babel/eslint-parser",
          "version": "7.13.4",
          "dependencies": {
            "eslint-scope": "5.1.0",
            "eslint-visitor-keys": "^1.3.0",
            "semver": "7.0.0"
          },
          "devDependencies": {
            "@babel/core": "7.13.1",
            "dedent": "^0.7.0",
            "eslint": "^7.5.0"
          },
          "peerDependencies": {
            "@babel/core": ">=7.11.0",
            "eslint": ">=7.5.0"
          },
          "dist": {
            "shasum": "dd9df3c70f44d2fb5a6519e8e10ca06c67dca43a",
            "integrity": "sha512-WfFEd89SzqmtYox8crTLJuEXyJolZY6Uu6iJpJmw4aMu50zHbYnxzxwuVkCt2cWygw+gLkUPTtAuox7eSnrL8g==",
            "tarball": "https://registry.npmjs.org/@babel/eslint-parser/-/eslint-parser-7.13.4.tgz",
            "fileCount": 11,
            "unpackedSize": 32556,
            "npm-signature": "-----BEGIN PGP SIGNATURE-----\r\nVersion: OpenPGP.js v3.0.13\r\nComment: https://openpgpjs.org\r\n\r\nwsFcBAEBCAAQBQJgNNuXCRA9TVsSAnZWagAApaoP/1hOLfztjrMwpTMDVTH3\neO3TGyHdND/uvP4Dkey0c3B6TyK2pD+SUdbr2VH9fm0tZ+bdJqv5mvHMFd3c\nURa/H+CsH0IdLsKWtRYITWPnQgYQAd1CBwKOYWeuvdEqKGRbrUyTbtP+bQvH\nXcysZifzC+PaJEZKCs2KDLHIbqLmDUh0zmfVh9JM3CaZ2M8jCZXABPaPvpe5\nfmjQe8juPg6ES0uEbQH3LoJ2TAoMfNeKQBsTgckmNO6upjcx/kj787MmyzRK\nWxKmKj3Mwu6S6tsWzLGl8Zk/VLJxPheEw/uSiqUq9/C2grXfEvLs2+7yYz7T\nYv/ywR6xeMNIQmFk0adQI8OmGYo7J7F2V988BvbDEPbgGUXdrZUgec2eDc0Y\noIN4WpXqNqDRgDuuDHds9SQ4gZBDb2tzQidwrWti/7NsXD/IAjoc0ZLlVus6\nr3jbA/+EobEUder/GmILe0928ABaxItiJV8dnbvPCvrVA16SmHueyZs8SvJG\n7RBjau3vV0TlMd9Qq71YtuM4+lKA/io5ikiVD+iI9MMc4qxgee0V1kBdWyho\neD5Ov2OLCJze/6ab0OBMRdIxNWm7KS2brzYwU0NKtblVpSEAtmZTa2SvmSu7\nh8maGlcYAoVR8LMyH5mKf592awdCzDGSwQr07zrpHN7buxWPNBfaKZ9/f4Vn\nSKKg\r\n=7rOp\r\n-----END PGP SIGNATURE-----\r\n"
          },
          "engines": {
            "node": "^10.13.0 || ^12.13.0 || >=14.0.0"
          }
        },
        "7.13.8": {
          "name": "@babel/eslint-parser",
          "version": "7.13.8",
          "dependencies": {
            "eslint-scope": "5.1.0",
            "eslint-visitor-keys": "^1.3.0",
            "semver": "^6.3.0"
          },
          "devDependencies": {
            "@babel/core": "7.13.8",
            "dedent": "^0.7.0",
            "eslint": "^7.5.0"
          },
          "peerDependencies": {
            "@babel/core": ">=7.11.0",
            "eslint": ">=7.5.0"
          },
          "dist": {
            "shasum": "6f2bde6b0690fcc0598b4869fc7c8e8b55b17687",
            "integrity": "sha512-XewKkiyukrGzMeqToXJQk6hjg2veI9SNQElGzAoAjKxYCLbgcVX4KA2WhoyqMon9N4RMdCZhNTJNOBcp9spsiw==",
            "tarball": "https://registry.npmjs.org/@babel/eslint-parser/-/eslint-parser-7.13.8.tgz",
            "fileCount": 11,
            "unpackedSize": 32881,
            "npm-signature": "-----BEGIN PGP SIGNATURE-----\r\nVersion: OpenPGP.js v3.0.13\r\nComment: https://openpgpjs.org\r\n\r\nwsFcBAEBCAAQBQJgOYaFCRA9TVsSAnZWagAAiikP/3A+mxMbj/r19g+RfFN9\nR+1OZvUp42ZnbTSHnfAQFzW5a2GTY53iqy89eFXyY+fHbo2an4ZOYdJTF+OZ\nc1FYslHamNfeuHmqG2ngJz7QMAUw0Iw63jbkN5KEmvQWixzAK6HW6R1xXSwC\npMSKVBUjZTc034cuGfiwLuacxpWIL+odzF/ObfoJDAjq8/8yZhRXMONZ0dFB\nO3Qo+eFsEq8hSXj0TaTGLgI1QKliALBVpkfSIC9iySmpQGhQL1KnWhoBGHF4\nZGiVSRqa41cJdy7+Bcd18bxApjguPm1mzs3lN4+wCpVKxcm61kQt17LYzu2g\nTVSYtphjj4Zmlhk8pseXMDiTkVf54myWf/2WgFYzm3uPs5LpJxdkrmKHWG6h\nwvqtbrRNi9j6+liHXRtn3N6oaaQiRI2anQBVYRfMd7ck3K6/HcBkYHdnwib5\njQE/jQ6IwOGBVvVBmHd1rQ8RcFrFyxmqN6AIu5j3aV4Ez95I2APMDWoF3ryx\nneHmyMmvtXvliZrLOxXmZtAeAg4VQnsMEPndOMTmX+5Y7YhPH60piOnJSdc7\nUz131MhryON8eIG+XSe8SV2+/IYh10IEi+jbkVduEM+jNM3SQRZ9b3NH3JSe\n4dSAhoMk2LRWUYLIJPnZr56xeVhCCAXVWEu/jSB+I0Im0HLuqU38ZXWmdY39\nA02T\r\n=D0Vn\r\n-----END PGP SIGNATURE-----\r\n"
          },
          "engines": {
            "node": "^10.13.0 || ^12.13.0 || >=14.0.0"
          }
        },
        "7.13.10": {
          "name": "@babel/eslint-parser",
          "version": "7.13.10",
          "dependencies": {
            "eslint-scope": "5.1.0",
            "eslint-visitor-keys": "^1.3.0",
            "semver": "^6.3.0"
          },
          "devDependencies": {
            "@babel/core": "7.13.10",
            "dedent": "^0.7.0",
            "eslint": "^7.5.0"
          },
          "peerDependencies": {
            "@babel/core": ">=7.11.0",
            "eslint": ">=7.5.0"
          },
          "dist": {
            "shasum": "e272979914f36bb6cea144c14c32bb51632696dd",
            "integrity": "sha512-/I1HQ3jGPhIpeBFeI3wO9WwWOnBYpuR0pX0KlkdGcRQAVX9prB/FCS2HBpL7BiFbzhny1YCiBH8MTZD2jJa7Hg==",
            "tarball": "https://registry.npmjs.org/@babel/eslint-parser/-/eslint-parser-7.13.10.tgz",
            "fileCount": 11,
            "unpackedSize": 33126,
            "npm-signature": "-----BEGIN PGP SIGNATURE-----\r\nVersion: OpenPGP.js v3.0.13\r\nComment: https://openpgpjs.org\r\n\r\nwsFcBAEBCAAQBQJgRqbTCRA9TVsSAnZWagAA4csP/Awm97VMPaEPvI0dDHw0\n457MAv75v8l6k3YW5tKeTuHqQwEppXnOrup+3Pk8b+bTa7zOYiOvN4S8o2vK\nGY3L03+VLICO+kXDHkD0Pxc0yZlfRd+qrFseWVlViOt8u0QKeJeCHIfWrcc3\n4d/jFuO74jUOG5cePWso57bHPv7Q1g1XkByEi6YtaorsG6lTQPdFa5D+q8/G\ngG9LU3VLivQ/q3WssaJNTjTaC2r+PBegzqLiuzEV5Uz+60n49W/SGUZBQdB5\n/EZJEfP0ATIXnjV+I6LefbZj62mNMy/arKzXuAqbrTTnmYg+b1AgGO12jS6P\nAyOT4DZQ099YE+VjrXy50ZmtNrV4hLHzk+x/nRnSyFslOJzXmlMeMIxTE1GH\nFvytkUnYX+oROMabW2NKX/XVxUMbU1OchKhuOTvBnENziZ4IkhQlJ2gyLAto\ng8wxWYUq/YIds1WgIEIHid3dT6OBkV6Q6qgqjEnu9EfxcPSgKOn4Va0OWiLG\nYAZj93rS6McTAR1Xn02PwHKXpUx38RGSmEbdsqHyekssK0RJ9YvYfxrO6R8Y\n1vViN1ub2sPQ4PMQebO3x/FFXQTFWh6q8lrDYwiayycYliX4xZRgLxJKyxPw\ngqqS/sbCnS7M2OAwfBnSLS1V2rkdpkui/Ny6+d1Iy0ylQjYn8FMnV8DJM0Qj\nE0AM\r\n=toif\r\n-----END PGP SIGNATURE-----\r\n"
          },
          "engines": {
            "node": "^10.13.0 || ^12.13.0 || >=14.0.0"
          }
        },
        "7.13.14": {
          "name": "@babel/eslint-parser",
          "version": "7.13.14",
          "dependencies": {
            "eslint-scope": "^5.1.0",
            "eslint-visitor-keys": "^1.3.0",
            "semver": "^6.3.0"
          },
          "devDependencies": {
            "@babel/core": "7.13.14",
            "dedent": "^0.7.0",
            "eslint": "^7.5.0"
          },
          "peerDependencies": {
            "@babel/core": ">=7.11.0",
            "eslint": ">=7.5.0"
          },
          "dist": {
            "shasum": "f80fd23bdd839537221914cb5d17720a5ea6ba3a",
            "integrity": "sha512-I0HweR36D73Ibn/FfrRDMKlMqJHFwidIUgYdMpH+aXYuQC+waq59YaJ6t9e9N36axJ82v1jR041wwqDrDXEwRA==",
            "tarball": "https://registry.npmjs.org/@babel/eslint-parser/-/eslint-parser-7.13.14.tgz",
            "fileCount": 11,
            "unpackedSize": 33127,
            "npm-signature": "-----BEGIN PGP SIGNATURE-----\r\nVersion: OpenPGP.js v3.0.13\r\nComment: https://openpgpjs.org\r\n\r\nwsFcBAEBCAAQBQJgYeEECRA9TVsSAnZWagAA7bMQAIkBK/46CPgh1t5dCD+3\nJNOwdMHa/Q6DbCvPjhIjVoUPFNKiHlWQT4LJfhUjprexjlZSwzujSHCAECZ6\ndard1CF5M29VYMkTIwCb+5+2pDkIPNY+xtNVP1CU9g1/T3F1YXdzO2rbQCgZ\nTRc/vgUzODeyTG0VbFeCsqv+hznBK517c5TOt4GM3JygdYMWSh9jUah40OHw\nHsb4/Mezs4DRSO8zy96Ie+6gmJl2/5nFq6RGjDXwNEr+LpGUWinressz9xOx\nn7wCySqKC8tcGlOhdmJIXw2BfZDOhtVM2jvxCGVIuoXWsbWCN5XIJ7Ol44pE\nEXzxcwoAyK2GuOF4qzrMX1kOG4+/gAAqgR/AJsNQaEtPz6UpxJQEaigpgKi9\nw6iycUIpvzKmaGM/90Ig1wgkVcTJZNWoP8Uz52H05YHgAM1/DjLUvYRVfRLB\nRgUw7maOfc4wDJqNwebPo2hav5ZHh8LOnsSajtKTZy25wHzt0fk6UQ73AO8Z\nuJWqV7hNq60oXFtXgZusKxTy2aT8VI6s0ULSZDu2R6I+XaV5/UUvrnbz1bDK\npuseOs4XSAsasKPAH9FfnFJRpCT+Qy22jvadq5Fmb2lVaBrzPJgPaTxO8KUe\n9CQpHVGN+bTq1b743n0EyPhHuiufLXBU7oltjXJveDj1KBBtJv1wmp2m/1i0\n2DlW\r\n=3D2f\r\n-----END PGP SIGNATURE-----\r\n"
          },
          "engines": {
            "node": "^10.13.0 || ^12.13.0 || >=14.0.0"
          }
        },
        "7.14.2": {
          "name": "@babel/eslint-parser",
          "version": "7.14.2",
          "dependencies": {
            "eslint-scope": "^5.1.0",
            "eslint-visitor-keys": "^2.1.0",
            "semver": "^6.3.0"
          },
          "devDependencies": {
            "@babel/core": "7.14.2",
            "dedent": "^0.7.0",
            "eslint": "^7.5.0"
          },
          "peerDependencies": {
            "@babel/core": ">=7.11.0",
            "eslint": ">=7.5.0"
          },
          "dist": {
            "shasum": "aa6fe7b76378397d643f14dfa8bf920cb6fbddab",
            "integrity": "sha512-g1YXHASb84MvEkReG/nZ74emTPAMjip1Ey6azZqKTEWidpgEzPGl/uoc6IPJjaMGw424u40sNm1V70tuYOQmeA==",
            "tarball": "https://registry.npmjs.org/@babel/eslint-parser/-/eslint-parser-7.14.2.tgz",
            "fileCount": 11,
            "unpackedSize": 32812,
            "npm-signature": "-----BEGIN PGP SIGNATURE-----\r\nVersion: OpenPGP.js v3.0.13\r\nComment: https://openpgpjs.org\r\n\r\nwsFcBAEBCAAQBQJgnAu6CRA9TVsSAnZWagAAVYQQAJ/HP9pFUBxcKnoPANTf\nnJmXAGY4+ECXnEwiGzip5tcIYYRw4Z7gQGai0cNzZtQZp30GGj0RQfKaFRZb\ndmKQb+3k77TA6XZC802h6pAHmWiLFQye9b0SJQep/gRP8UFwHPNtBjPZ71BZ\nDD8HaLIR8GbEQ7WjRkQm4Hauo8vgmGcoO0VFxXXWCPfdDMuCR0HM2P86aVNh\nzEmFP8VXhW+CfJtOufkAhL6a0x/Fz9vY0rtkKoP2MrYvwoqEfn9xXDo6PbvX\nBE9d1Gv83egd7Z3WFNjHl8y1rc8U3SLX2YCNxhtYKg8JjmHk4LGwZJZsDX7I\nHhCRRhEcIBVTYPoKrkiGYZw65leDLKGyw2CTJGr3y7O5UumeKOrGvLbk4sC0\nTmW+DUXDf7R9J8KvRVpYKB6zKRr9eyKFICxpti3xLsFITsr8aI3RkWc2gbWm\nHoICfZxpHga+3a5jVm6RxYuKO7IHDCUFNIlSo6MIONTUDHuXp3xb+eW149XU\neh5mbp/xgdTY6rLumXPXoLcgWXJOqnv2s6dLNmCJHGdC2IGYL9+XDTqWrWXa\nVfX5MqhlfsrlpgqF8dWV3koBgNeAIjDn1PHEDfcieLybfJpVKW0HUYsDnFjP\njxudWLK9lOQjFRjQi/BQLcXTfpxUJ9tWxJ3vdSAFm9JqJAil7f0JXsVW4oL1\n+YQD\r\n=MDIZ\r\n-----END PGP SIGNATURE-----\r\n"
          },
          "engines": {
            "node": "^10.13.0 || ^12.13.0 || >=14.0.0"
          }
        },
        "7.14.3": {
          "name": "@babel/eslint-parser",
          "version": "7.14.3",
          "dependencies": {
            "eslint-scope": "^5.1.0",
            "eslint-visitor-keys": "^2.1.0",
            "semver": "^6.3.0"
          },
          "devDependencies": {
            "@babel/core": "7.14.3",
            "dedent": "^0.7.0",
            "eslint": "^7.5.0"
          },
          "peerDependencies": {
            "@babel/core": ">=7.11.0",
            "eslint": ">=7.5.0"
          },
          "dist": {
            "shasum": "8f292caf83dd2d7b364f938fe7074806af6d70ea",
            "integrity": "sha512-IfJXKEVRV/Gisvgmih/+05gkBzzg4Dy0gcxkZ84iFiLK8+O+fI1HLnGJv3UrUMPpsMmmThNa69v+UnF80XP+kA==",
            "tarball": "https://registry.npmjs.org/@babel/eslint-parser/-/eslint-parser-7.14.3.tgz",
            "fileCount": 17,
            "unpackedSize": 35662,
            "npm-signature": "-----BEGIN PGP SIGNATURE-----\r\nVersion: OpenPGP.js v3.0.13\r\nComment: https://openpgpjs.org\r\n\r\nwsFcBAEBCAAQBQJgotWhCRA9TVsSAnZWagAAi6EP/AuEKkz8RNFcQHJ8w5x7\nEp7U3gBtk2ndvFG70LGMxX6crJ2W/WTPQhI3znkFG8dkh16vDUOn+AR4aCL4\nR4+e//d5vQCnlzqESV6cEb4H9/0JqE86cjYMMozy1Uwm5QpvGx4T8aGH+dIq\nD3zK4gqWmFNn5BVsVBQ7XQBreMkiTJRz2sItn4CROBp8LRwRKOnyjCbHOe3S\n2tMCmC/F2v05gpUZ6cECBNlexsNv0g2nquG9L7EkE+gnO+cBFx6umTkJloVp\nGw/H3LLuitb2TN8ciMusTTxAffqijNL94wTzTSV1n9M/abTxRIoSKV7Nw4gN\nZ4S15hlN10Ka2he9GC0gaV/Pl6RETiPngf1XL18RRKZLXs9E7D3mBeGSZ8Hs\nANjIRe6q0Ukd3sA/8Hpton4IA922Qcl+IvvAMM4DTgGrp7vl+tiVPmjPD3m/\nlxdllgn7CZpuq5aQR1HTHUeoW7hghn1kRYKHRcfMxkFHoQfF2I7K676MP4rz\nlgDa7t8NiD1qVJRe6QCM+pwK91pTjWMY8MOSOKvnp7CVHz3Zl9swu8AFAbA3\nVE9cKTwfT7kCc3+6NZ6ZWTeaKsnloQ5L+wdsBfjIXzhQaIejlzQ8pIexu9/Y\nlRjEnXFkvhtO/e76Tgrz/1soT8rpX7AlsT+Jm4/S+WnBFUTon+xCa7BYnswg\nhYZO\r\n=jIz/\r\n-----END PGP SIGNATURE-----\r\n"
          },
          "engines": {
            "node": "^10.13.0 || ^12.13.0 || >=14.0.0"
          }
        },
        "7.14.4": {
          "name": "@babel/eslint-parser",
          "version": "7.14.4",
          "dependencies": {
            "eslint-scope": "^5.1.0",
            "eslint-visitor-keys": "^2.1.0",
            "semver": "^6.3.0"
          },
          "devDependencies": {
            "@babel/core": "7.14.3",
            "dedent": "^0.7.0",
            "eslint": "^7.5.0"
          },
          "peerDependencies": {
            "@babel/core": ">=7.11.0",
            "eslint": ">=7.5.0"
          },
          "dist": {
            "shasum": "73e6996163a2ad48f315a8466b55f57c330cd15c",
            "integrity": "sha512-7CTckFLPBGEfCKqlrnJq2PIId3UmJ5hW+D4dsv/VvuA5DapgqyZFCttq+8oeRIJMZQizFIe5gel3xm2SbrqlYA==",
            "tarball": "https://registry.npmjs.org/@babel/eslint-parser/-/eslint-parser-7.14.4.tgz",
            "fileCount": 17,
            "unpackedSize": 36096,
            "npm-signature": "-----BEGIN PGP SIGNATURE-----\r\nVersion: OpenPGP.js v3.0.13\r\nComment: https://openpgpjs.org\r\n\r\nwsFcBAEBCAAQBQJgsSGCCRA9TVsSAnZWagAA5roQAI6AfHof+8o9sQyIwyVo\nIdOZYj14hLT0EJt71BcPq9TnjFctS61Tt1lw1khnCNZqthUKYJpR1xlED9jV\nYrk/9LudaFs13MBG9+Xt1djQzOWmNn0dqRLr8wUa7UPPUyrWE4CvWlhc8VwP\niEfGLRMX0ATNYQBaSllYs8uaiaM4UwXZsekb2bjhdFQLZPCPWdb6ZE10RAvv\nsN1DI1GVYwk350J+MXItN5l4T3EOSwRX8aqcUpheCX98ZeCKPijHuAAjv03n\nnKcdeu4FU1smPjI2oTO2ArEgzHV/tT8mbeFG/4GscaYWTakn9Yfls0EtodO8\nQZs88A8FqFRMYhGGkU6qpQ0tiYhputpfikKx6+K1866yvraW+ZvjExlQet5u\ncX2sb2Ybr7Ukhhh37t1ETzEs5zmA3XDHLJ+YYq0A1rN6Ahi0JzI2HSH5/HNA\nB3km3v/t21aTf9U7tTBDTuoBItWQrbTw69s+cYNfi70EXUMfrby2nxz5YjHs\nyOjofAAXaClonNkIpzOzLxuoiiJQzHron6BrC7sapF2h6IVYe0eCXzmao5g9\nyYvWx4MqoysExJuDjsQjsxaZMS9t2/jwpIuYiXwlpY1GDXnXi2s5xU0BvTbP\nVS3LMpyrpl5m0ZRwVT7I1Nxb36N+v+KYvd3jZh0OahvVi6rez6IMxActXAUJ\nyYPC\r\n=j4Ob\r\n-----END PGP SIGNATURE-----\r\n"
          },
          "engines": {
            "node": "^10.13.0 || ^12.13.0 || >=14.0.0"
          }
        },
        "7.14.5": {
          "name": "@babel/eslint-parser",
          "version": "7.14.5",
          "dependencies": {
            "eslint-scope": "^5.1.1",
            "eslint-visitor-keys": "^2.1.0",
            "semver": "^6.3.0"
          },
          "devDependencies": {
            "@babel/core": "7.14.5",
            "dedent": "^0.7.0",
            "eslint": "^7.27.0"
          },
          "peerDependencies": {
            "@babel/core": ">=7.11.0",
            "eslint": ">=7.5.0"
          },
          "dist": {
            "shasum": "441c04e2fe9825ea628c2b4e5524d40129cbbccd",
            "integrity": "sha512-20BlOHuGf3UXS7z1QPyllM9Gz8SEgcp/UcKeUmdHIFZO6HF1n+3KaLpeyfwWvjY/Os/ynPX3k8qXE/nZ5dw/0g==",
            "tarball": "https://registry.npmjs.org/@babel/eslint-parser/-/eslint-parser-7.14.5.tgz",
            "fileCount": 17,
            "unpackedSize": 36097,
            "npm-signature": "-----BEGIN PGP SIGNATURE-----\r\nVersion: OpenPGP.js v3.0.13\r\nComment: https://openpgpjs.org\r\n\r\nwsFcBAEBCAAQBQJgwUqSCRA9TVsSAnZWagAAqB4P/3LipVrHLIEq7hDGz3dw\nzT19Anzh9qopnp2L5IDh1+iYaOEpRxGzlUWcyw/7uyS7myM8XRTss4shAsUS\nxY/Iwa2oCJMbMVnIkh3arqmxJhGQOLuqNnHUpF/yUq4jP8sWQSCNalskdSeV\nlKabmydQaET0m6LNdyIELgy8ZlVmWOaaAP6LjU1DZLrkVAHf3hgxjHIgiCSW\nssnMN601L5YtCk1364Zn9NQPCC8f2iV7nB5NM/lsg9K/C99pSqTTrLRC3zKQ\nsiCc1gRt7uWFwo9GnRYczu/s0TutDbxm6NZ+0bA6cXuOb2y++QGD31zzQ6dD\n6PkwykKteGWxiORgUl/2RgqTBF87VI8W5a9BJQChUsKvqeAQcbFk8/9mx6EY\nJva/v1iYlPuYspp2aF4velYexpd2/u+dKD208CjuCoOn+8FR7MOgFBO1Ek/z\nIk3GqbobJV4DsxqpirCqNDATKXbyE46yR+hRrTZ//uOP4qWx0fWk6jd6uKN5\nzrIEQ+Yg2xrzor6RVEPtpVEaENIECufOUtU0BW49PDhMuVsztPYLMiUjzH0h\n0BYl4FQgU9HrYfN1dUoumRddrPUy090h0qHYwvlmiiDXYMMlojstWKczGCxO\nT7sA4LhOkgdUCMpJEXvjGwKlsqAovHK8K4+0RbaqHzFeX8v5D839OI3PPhye\n6tvQ\r\n=8beo\r\n-----END PGP SIGNATURE-----\r\n"
          },
          "engines": {
            "node": "^10.13.0 || ^12.13.0 || >=14.0.0"
          }
        },
        "7.14.7": {
          "name": "@babel/eslint-parser",
          "version": "7.14.7",
          "dependencies": {
            "eslint-scope": "^5.1.1",
            "eslint-visitor-keys": "^2.1.0",
            "semver": "^6.3.0"
          },
          "devDependencies": {
            "@babel/core": "7.14.6",
            "dedent": "^0.7.0",
            "eslint": "^7.27.0"
          },
          "peerDependencies": {
            "@babel/core": ">=7.11.0",
            "eslint": ">=7.5.0"
          },
          "dist": {
            "shasum": "91be59a4f7dd60d02a3ef772d156976465596bda",
            "integrity": "sha512-6WPwZqO5priAGIwV6msJcdc9TsEPzYeYdS/Xuoap+/ihkgN6dzHp2bcAAwyWZ5bLzk0vvjDmKvRwkqNaiJ8BiQ==",
            "tarball": "https://registry.npmjs.org/@babel/eslint-parser/-/eslint-parser-7.14.7.tgz",
            "fileCount": 17,
            "unpackedSize": 36291,
            "npm-signature": "-----BEGIN PGP SIGNATURE-----\r\nVersion: OpenPGP.js v3.0.13\r\nComment: https://openpgpjs.org\r\n\r\nwsFcBAEBCAAQBQJg0Qp1CRA9TVsSAnZWagAAgDwQAID921EtT5/npjKFow1H\ntDoM73P0fTtvFwEeL7sOG4bhhSeuZdukumKL8nP9o35DnPszYS50PUMKOKcB\no472rLdjf2hSgVzQxmN7lQWjdEDQh7ACy2SAqbyX06EIh6vFf/DXpmgRgMtT\nA6U1e4CFdYhMO/Rf2ViG9AHvRsSL6yBSL8zZz45TovardEReihu1Q1RhQSKu\nmpD6H8g1y2o5tVTQdJk7gqZXq/ckR3eQxKwO5wfUKo7R29cthduJkAo4shcf\nOLR6NaTZnyU17y9kxdQOTPTQnuBzckq2MmTQBYrXwBKoRpcp8tzW77nJEjGO\nJHO6ii8SQO6BER1xNBAGBlHMWXXRiILqccK60i9BelnD4EyUwUREap0BRqVZ\nfthtpdxf2JlHCDpKO6n86UrhZKPlbA23eRR19H41y3OzxncF+jIGdXEn2mPv\nROpsVBqJLwV6xxbPMiONV3WhyrX87jbmXiDkyOSmtprudgGAcL2nkBkGQw/Q\nidKqd2XJVf2rRVbKF6uBgfxdJ6ByCK1ZMfrsqdq5p0uB7YnRoUQxJ807UM9L\nJo5eYjIt2C+JYvHeOUw9w9XqRZgMVKBn7972QPhOCPdM3tf+fFws7XyU+5Pp\nnfHkyF6K8WwF/yWlq87LTJzuNgkP9pmbdbmL63ob1CEuny+vSjs6g2qRBLX5\n7XlV\r\n=nDhS\r\n-----END PGP SIGNATURE-----\r\n"
          },
          "engines": {
            "node": "^10.13.0 || ^12.13.0 || >=14.0.0"
          }
        },
        "7.14.9": {
          "name": "@babel/eslint-parser",
          "version": "7.14.9",
          "dependencies": {
            "eslint-scope": "^5.1.1",
            "eslint-visitor-keys": "^2.1.0",
            "semver": "^6.3.0"
          },
          "devDependencies": {
            "@babel/core": "7.14.8",
            "dedent": "^0.7.0",
            "eslint": "^7.27.0"
          },
          "peerDependencies": {
            "@babel/core": ">=7.11.0",
            "eslint": ">=7.5.0"
          },
          "dist": {
            "shasum": "b2cfaf67cc7f7a9b475d3ee9b166755ffd44e086",
            "integrity": "sha512-W3En2CT6iOZJ+jEujLlwL2h/Jraj6S/IHrh63nV+TfX83DYe9pI4pcu0Luj6/hJ2kIr/3hOttxzaEsSQnUKx+w==",
            "tarball": "https://registry.npmjs.org/@babel/eslint-parser/-/eslint-parser-7.14.9.tgz",
            "fileCount": 17,
            "unpackedSize": 36354,
            "npm-signature": "-----BEGIN PGP SIGNATURE-----\r\nVersion: OpenPGP.js v3.0.13\r\nComment: https://openpgpjs.org\r\n\r\nwsFcBAEBCAAQBQJhBlLmCRA9TVsSAnZWagAA9LcP/AtlDtT8z3VPtZTQg1oA\nurlsmXer8kUIXI69VA1NKn4C1J5noGbzo0u4KpwSfwAX11YkJUtIpg6E3p4E\nTmyA0UeZCVYl6X3OdjQEXIX2cS8xJKVwm1FOGq6dFdHT2Hzl96yVutIol/h/\nIOlKlgdTZf4T0UHjRZBZy/mbaM7Ag6DYFuuiJO0StrhPIx9XsFcc64PCEoRy\nSlYuzjE8hC2GvgY3uqdSIw8M1WxnS9rGT3xAwtrOc/2TqxpXtRu+zDJVoPc8\nHLecpn2dFMGLkwpt7I62nYQQyK3zXdqykcav22k4T8W8Ruaw4n2g2PcYSvK8\nRp7fJFGSatXqFKF6din7Nae9DCmsksyj9Ei336Qr0O6QDxZhwUBsQpPktrqV\n/fHME0OCECPIBioIy0W9iPohdOTE/3+YwpHIj+zPBnXOhgFHcLr6gEBzWwhY\neY0FAX3lCO5NxlCXhE3G8vDpT7kIZsv3WLc43BX+cSjPBUNNq/WcjV8r3Uhz\n80vLh6vjw0PdvMzPP0lxJVSMPDevWrYGiaH5oOEXTTs4NZmn2+kCOPbvY8HC\nLoQj94xxHK2llM7O5zbNDdniU/0jX1NHs6nYjBIz5cTv477w5LmkIwUa6z9A\n25b4X0+VfGNlesUx/mCitkxhwxR1usvNllxcISZj/sIAUEOpKOEnsqxPpAJ4\nwEN+\r\n=8GDM\r\n-----END PGP SIGNATURE-----\r\n"
          },
          "engines": {
            "node": "^10.13.0 || ^12.13.0 || >=14.0.0"
          }
        },
        "7.15.0": {
          "name": "@babel/eslint-parser",
          "version": "7.15.0",
          "dependencies": {
            "eslint-scope": "^5.1.1",
            "eslint-visitor-keys": "^2.1.0",
            "semver": "^6.3.0"
          },
          "devDependencies": {
            "@babel/core": "7.15.0",
            "dedent": "^0.7.0",
            "eslint": "^7.27.0"
          },
          "peerDependencies": {
            "@babel/core": ">=7.11.0",
            "eslint": ">=7.5.0"
          },
          "dist": {
            "shasum": "b54f06e04d0e93aebcba99f89251e3bf0ee39f21",
            "integrity": "sha512-+gSPtjSBxOZz4Uh8Ggqu7HbfpB8cT1LwW0DnVVLZEJvzXauiD0Di3zszcBkRmfGGrLdYeHUwcflG7i3tr9kQlw==",
            "tarball": "https://registry.npmjs.org/@babel/eslint-parser/-/eslint-parser-7.15.0.tgz",
            "fileCount": 20,
            "unpackedSize": 47535,
            "npm-signature": "-----BEGIN PGP SIGNATURE-----\r\nVersion: OpenPGP.js v3.0.13\r\nComment: https://openpgpjs.org\r\n\r\nwsFcBAEBCAAQBQJhCwLXCRA9TVsSAnZWagAAQ+kQAJT6mbJ20dX/4N6AaptG\nG8rbYfAemX4fRVuws59OLui8FpA71UlQR9V4mpFBf/svIyrfNDc8AbXoejJ+\nzYoeruVBoaxoFLqbipAXm2B/2/b1RANmdLuMIC8oa4nrczaGI2UCUJ3wmWFh\n+okb9evZuSdKbis57Zi9W56BM28DqhUfwPJ4SAGn8G2g9lOGRfWPXEf4A9xd\nsmcGWaMmSf3Z4a+fyRdudhxlFGZAbfihZUsUG9ODWEXWnmCLPargex87GUHN\nRZFMz4EY+BXhcXY8sRK1lfsyACYsOO4gQxzhE/AaXuvb2zjclAgdDETv59WO\nUZLnkOXu3S7/015RzF1GBHE7qhbPHTALhHJhG77Cx1NCwSxo1+nMPxZXan72\nDInalVecXqA/aHBlYZrvimwI5dZIiaUuCkwezm2KDMh7sUqLoTbdDCXnMmfc\n6HPu1gce6kr7037AJ6KqY0Frw7/JiYS6z2OCX5arJrKHyJYT0LiAMudc7gaO\nG4vCovE/8ZKLMf3fEUBmhyXBFxLpX70gArQFGyuF0OyE5jpP3iTWB+RWeEUz\nqx4p4O8eXO8lptr6gj8z7drE9FskKya9qQigqy7D+Ch7iMtf8gE7sO+mWs0V\nQSMP3gnO9MLlbj3rAdSXUvkOTe5clG81c48cTjWhXJSyPZt6c8YSbKyM+dOt\n+a6f\r\n=DIXy\r\n-----END PGP SIGNATURE-----\r\n"
          },
          "engines": {
            "node": "^10.13.0 || ^12.13.0 || >=14.0.0"
          }
        },
        "7.15.4": {
          "name": "@babel/eslint-parser",
          "version": "7.15.4",
          "dependencies": {
            "eslint-scope": "^5.1.1",
            "eslint-visitor-keys": "^2.1.0",
            "semver": "^6.3.0"
          },
          "devDependencies": {
            "@babel/core": "7.15.4",
            "dedent": "^0.7.0",
            "eslint": "^7.27.0"
          },
          "peerDependencies": {
            "@babel/core": ">=7.11.0",
            "eslint": ">=7.5.0"
          },
          "dist": {
            "shasum": "46385943726291fb3e8db99522c8099b15684387",
            "integrity": "sha512-hPMIAmGNbmQzXJIo2P43Zj9UhRmGev5f9nqdBFOWNGDGh6XKmjby79woBvg6y0Jur6yRfQBneDbUQ8ZVc1krFw==",
            "tarball": "https://registry.npmjs.org/@babel/eslint-parser/-/eslint-parser-7.15.4.tgz",
            "fileCount": 20,
            "unpackedSize": 47581,
            "npm-signature": "-----BEGIN PGP SIGNATURE-----\r\nVersion: OpenPGP.js v3.0.13\r\nComment: https://openpgpjs.org\r\n\r\nwsFcBAEBCAAQBQJhMUSICRA9TVsSAnZWagAATlcP/Rd2fC7VJlD4u9JFeavI\nfeL04AL6+9UpnaENwqiYWBYYIeABHc1+5xb749BQmFfSQgEqkLQk7NCwKdqw\nTYAeZYtNtURt58h99Z2TIipWI58VwdfvMEpWQIeNyaDqpBwdfJd3j/Gger2u\nHzAvpsXGu1f0CLlqnRj6b0ngQGfUGRejqAQTBkRZi/PsqYVImY9+8WjLl3xq\noBijxejHJaOQwU8GaKj6nUFybhnzilG23PKguOjDzDhBfO/qrsOBREYTJ3jr\n7EQHkHZUnKv+fOa8SdbzQsasKu4oJm+R+g0bKWCiGklQe2WAYrc4J3zbrJg/\nvA15H0EdBPcLJuKPDiIOoQwqkXPa526mq6hr0NxmTm9Oa/KbpVY2R5L1RDAD\nNsQminEbzesfGrs8CUiBmdM1tT0Y1w6m1sU34UvMYovHAClOU81BbUrnCauo\nMidXophp44/+MWjO/H3M7wYCyrfF+f4AmNYJwLvK+0hSXcUWJzM2VboMLx+z\nZ7o2fPAzhNWeShU00w2Zx6ixgtFEqERV23Igkh33gxkdvJlblUZe6VsNze6M\nTQoxeifyofFiXeIxRxWtIXO/yuRuRvuB97BWzlTIZIttrAeMs/PPWHmhT7pp\nXh7saifNSVgdiSD/jRrcSyUhH82Ol5sHo5XKCG5PLSyM8kX5HbFjwaTvZLs1\nDOmb\r\n=WSJB\r\n-----END PGP SIGNATURE-----\r\n"
          },
          "engines": {
            "node": "^10.13.0 || ^12.13.0 || >=14.0.0"
          }
        },
        "7.15.7": {
          "name": "@babel/eslint-parser",
          "version": "7.15.7",
          "dependencies": {
            "eslint-scope": "^5.1.1",
            "eslint-visitor-keys": "^2.1.0",
            "semver": "^6.3.0"
          },
          "devDependencies": {
            "@babel/core": "7.15.5",
            "dedent": "^0.7.0",
            "eslint": "^7.27.0"
          },
          "peerDependencies": {
            "@babel/core": ">=7.11.0",
            "eslint": ">=7.5.0"
          },
          "dist": {
            "shasum": "2dc3d0ff0ea22bb1e08d93b4eeb1149bf1c75f2d",
            "integrity": "sha512-yJkHyomClm6A2Xzb8pdAo4HzYMSXFn1O5zrCYvbFP0yQFvHueLedV8WiEno8yJOKStjUXzBZzJFeWQ7b3YMsqQ==",
            "tarball": "https://registry.npmjs.org/@babel/eslint-parser/-/eslint-parser-7.15.7.tgz",
            "fileCount": 20,
            "unpackedSize": 47668
          },
          "engines": {
            "node": "^10.13.0 || ^12.13.0 || >=14.0.0"
          }
        },
        "7.15.8": {
          "name": "@babel/eslint-parser",
          "version": "7.15.8",
          "dependencies": {
            "eslint-scope": "^5.1.1",
            "eslint-visitor-keys": "^2.1.0",
            "semver": "^6.3.0"
          },
          "devDependencies": {
            "@babel/core": "7.15.8",
            "dedent": "^0.7.0",
            "eslint": "^7.27.0"
          },
          "peerDependencies": {
            "@babel/core": ">=7.11.0",
            "eslint": ">=7.5.0"
          },
          "dist": {
            "shasum": "8988660b59d739500b67d0585fd4daca218d9f11",
            "integrity": "sha512-fYP7QFngCvgxjUuw8O057SVH5jCXsbFFOoE77CFDcvzwBVgTOkMD/L4mIC5Ud1xf8chK/no2fRbSSn1wvNmKuQ==",
            "tarball": "https://registry.npmjs.org/@babel/eslint-parser/-/eslint-parser-7.15.8.tgz",
            "fileCount": 20,
            "unpackedSize": 47686
          },
          "engines": {
            "node": "^10.13.0 || ^12.13.0 || >=14.0.0"
          }
        }
      },
      "modified": "2021-10-06T20:54:55.268Z",
      "cachedAt": 1635429068826
    },
    "pkgsStack": [],
    "err": {
      "name": "pnpm",
      "message": "No matching version found for @babel/eslint-parser@^10.1.0",
      "code": "ERR_PNPM_NO_MATCHING_VERSION",
      "stack": "pnpm: No matching version found for @babel/eslint-parser@^10.1.0\n    at resolveNpm (D:\\service\\Nvm\\v16.11.0\\node_global\\node_modules\\pnpm\\dist\\pnpm.cjs:85249:15)\n    at processTicksAndRejections (node:internal/process/task_queues:96:5)\n    at async Object.resolve (D:\\service\\Nvm\\v16.11.0\\node_global\\node_modules\\pnpm\\dist\\pnpm.cjs:85422:34)\n    at async run (D:\\service\\Nvm\\v16.11.0\\node_global\\node_modules\\pnpm\\dist\\pnpm.cjs:71358:23)"
    }
  }
}